2021-11-26 12:58:36,006 DEBUG [main] InternalLoggerFactory:89 - Using Log4J as the default logging framework
2021-11-26 12:58:36,013 DEBUG [main] ResourceLeakDetector:129 - -Dio.netty.leakDetection.level: simple
2021-11-26 12:58:36,014 DEBUG [main] ResourceLeakDetector:130 - -Dio.netty.leakDetection.targetRecords: 4
2021-11-26 12:58:36,018 DEBUG [main] ResourceLeakDetectorFactory:196 - Loaded default ResourceLeakDetector: io.netty.util.ResourceLeakDetector@324a0017
2021-11-26 12:58:36,037 DEBUG [main] PlatformDependent0:460 - -Dio.netty.noUnsafe: false
2021-11-26 12:58:36,038 DEBUG [main] PlatformDependent0:954 - Java version: 15
2021-11-26 12:58:36,040 DEBUG [main] PlatformDependent0:135 - sun.misc.Unsafe.theUnsafe: available
2021-11-26 12:58:36,041 DEBUG [main] PlatformDependent0:159 - sun.misc.Unsafe.copyMemory: available
2021-11-26 12:58:36,042 DEBUG [main] PlatformDependent0:202 - java.nio.Buffer.address: available
2021-11-26 12:58:36,043 DEBUG [main] PlatformDependent0:285 - direct buffer constructor: unavailable: Reflective setAccessible(true) disabled
2021-11-26 12:58:36,044 DEBUG [main] PlatformDependent0:350 - java.nio.Bits.unaligned: available, true
2021-11-26 12:58:36,045 DEBUG [main] PlatformDependent0:417 - jdk.internal.misc.Unsafe.allocateUninitializedArray(int): unavailable: class io.netty.util.internal.PlatformDependent0$6 cannot access class jdk.internal.misc.Unsafe (in module java.base) because module java.base does not export jdk.internal.misc to unnamed module @ebaa6cb
2021-11-26 12:58:36,046 DEBUG [main] PlatformDependent0:446 - java.nio.DirectByteBuffer.<init>(long, int): unavailable
2021-11-26 12:58:36,047 DEBUG [main] PlatformDependent:1103 - sun.misc.Unsafe: available
2021-11-26 12:58:36,062 DEBUG [main] PlatformDependent:1205 - maxDirectMemory: 8543797248 bytes (maybe)
2021-11-26 12:58:36,063 DEBUG [main] PlatformDependent:1224 - -Dio.netty.tmpdir: C:\Users\E245979\AppData\Local\Temp (java.io.tmpdir)
2021-11-26 12:58:36,064 DEBUG [main] PlatformDependent:1303 - -Dio.netty.bitMode: 64 (sun.arch.data.model)
2021-11-26 12:58:36,065 DEBUG [main] PlatformDependent:1063 - Platform: Windows
2021-11-26 12:58:36,066 DEBUG [main] PlatformDependent:178 - -Dio.netty.maxDirectMemory: -1 bytes
2021-11-26 12:58:36,067 DEBUG [main] PlatformDependent:185 - -Dio.netty.uninitializedArrayAllocationThreshold: -1
2021-11-26 12:58:36,068 DEBUG [main] CleanerJava9:71 - java.nio.ByteBuffer.cleaner(): available
2021-11-26 12:58:36,069 DEBUG [main] PlatformDependent:205 - -Dio.netty.noPreferDirect: false
2021-11-26 12:58:36,078 DEBUG [main] PlatformDependent:967 - org.jctools-core.MpscChunkedArrayQueue: available
2021-11-26 12:58:36,100 DEBUG [main] InternalThreadLocalMap:83 - -Dio.netty.threadLocalMap.stringBuilder.initialSize: 1024
2021-11-26 12:58:36,101 DEBUG [main] InternalThreadLocalMap:86 - -Dio.netty.threadLocalMap.stringBuilder.maxSize: 4096
2021-11-26 12:58:36,295 DEBUG [main] JdkSslContext:97 - Default protocols (JDK): [TLSv1.3, TLSv1.2, TLSv1.1, TLSv1] 
2021-11-26 12:58:36,295 DEBUG [main] JdkSslContext:98 - Default cipher suites (JDK): [TLS_ECDHE_ECDSA_WITH_AES_256_GCM_SHA384, TLS_ECDHE_ECDSA_WITH_AES_128_GCM_SHA256, TLS_ECDHE_RSA_WITH_AES_128_GCM_SHA256, TLS_ECDHE_RSA_WITH_AES_256_GCM_SHA384, TLS_ECDHE_RSA_WITH_AES_128_CBC_SHA, TLS_ECDHE_RSA_WITH_AES_256_CBC_SHA, TLS_RSA_WITH_AES_128_GCM_SHA256, TLS_RSA_WITH_AES_128_CBC_SHA, TLS_RSA_WITH_AES_256_CBC_SHA, TLS_AES_128_GCM_SHA256, TLS_AES_256_GCM_SHA384]
2021-11-26 12:58:36,323 DEBUG [main] MultithreadEventLoopGroup:44 - -Dio.netty.eventLoopThreads: 24
2021-11-26 12:58:36,333 DEBUG [main] NioEventLoop:106 - -Dio.netty.noKeySetOptimization: false
2021-11-26 12:58:36,334 DEBUG [main] NioEventLoop:107 - -Dio.netty.selectorAutoRebuildThreshold: 512
2021-11-26 12:58:36,433 DEBUG [main] PooledByteBufAllocator:155 - -Dio.netty.allocator.numHeapArenas: 24
2021-11-26 12:58:36,433 DEBUG [main] PooledByteBufAllocator:156 - -Dio.netty.allocator.numDirectArenas: 24
2021-11-26 12:58:36,434 DEBUG [main] PooledByteBufAllocator:158 - -Dio.netty.allocator.pageSize: 8192
2021-11-26 12:58:36,434 DEBUG [main] PooledByteBufAllocator:163 - -Dio.netty.allocator.maxOrder: 11
2021-11-26 12:58:36,434 DEBUG [main] PooledByteBufAllocator:167 - -Dio.netty.allocator.chunkSize: 16777216
2021-11-26 12:58:36,435 DEBUG [main] PooledByteBufAllocator:168 - -Dio.netty.allocator.smallCacheSize: 256
2021-11-26 12:58:36,435 DEBUG [main] PooledByteBufAllocator:169 - -Dio.netty.allocator.normalCacheSize: 64
2021-11-26 12:58:36,435 DEBUG [main] PooledByteBufAllocator:170 - -Dio.netty.allocator.maxCachedBufferCapacity: 32768
2021-11-26 12:58:36,435 DEBUG [main] PooledByteBufAllocator:171 - -Dio.netty.allocator.cacheTrimInterval: 8192
2021-11-26 12:58:36,435 DEBUG [main] PooledByteBufAllocator:172 - -Dio.netty.allocator.cacheTrimIntervalMillis: 0
2021-11-26 12:58:36,435 DEBUG [main] PooledByteBufAllocator:173 - -Dio.netty.allocator.useCacheForAllThreads: true
2021-11-26 12:58:36,435 DEBUG [main] PooledByteBufAllocator:174 - -Dio.netty.allocator.maxCachedByteBuffersPerChunk: 1023
2021-11-26 12:58:36,446 DEBUG [main] ByteBufUtil:87 - -Dio.netty.allocator.type: pooled
2021-11-26 12:58:36,447 DEBUG [main] ByteBufUtil:96 - -Dio.netty.threadLocalDirectBufferSize: 0
2021-11-26 12:58:36,447 DEBUG [main] ByteBufUtil:99 - -Dio.netty.maxThreadLocalCharBufferSize: 16384
2021-11-26 12:58:37,302 DEBUG [Forwarding newSession on session null to remote] DefaultChannelId:79 - -Dio.netty.processId: 21508 (auto-detected)
2021-11-26 12:58:37,305 DEBUG [Forwarding newSession on session null to remote] NetUtil:135 - -Djava.net.preferIPv4Stack: false
2021-11-26 12:58:37,305 DEBUG [Forwarding newSession on session null to remote] NetUtil:136 - -Djava.net.preferIPv6Addresses: false
2021-11-26 12:58:37,324 DEBUG [Forwarding newSession on session null to remote] NetUtilInitializations:129 - Loopback interface: lo (Software Loopback Interface 1, 127.0.0.1)
2021-11-26 12:58:37,326 DEBUG [Forwarding newSession on session null to remote] NetUtil:187 - Failed to get SOMAXCONN from sysctl and file \proc\sys\net\core\somaxconn. Default: 200
2021-11-26 12:58:37,410 DEBUG [Forwarding newSession on session null to remote] DefaultChannelId:101 - -Dio.netty.machineId: dc:71:96:ff:fe:9b:43:44 (auto-detected)
2021-11-26 12:58:37,457 DEBUG [AsyncHttpClient-1-2] AbstractByteBuf:63 - -Dio.netty.buffer.checkAccessible: true
2021-11-26 12:58:37,457 DEBUG [AsyncHttpClient-1-2] AbstractByteBuf:64 - -Dio.netty.buffer.checkBounds: true
2021-11-26 12:58:37,458 DEBUG [AsyncHttpClient-1-2] ResourceLeakDetectorFactory:196 - Loaded default ResourceLeakDetector: io.netty.util.ResourceLeakDetector@6a4f58fa
2021-11-26 12:58:37,481 DEBUG [AsyncHttpClient-1-2] Recycler:103 - -Dio.netty.recycler.maxCapacityPerThread: 4096
2021-11-26 12:58:37,481 DEBUG [AsyncHttpClient-1-2] Recycler:104 - -Dio.netty.recycler.maxSharedCapacityFactor: 2
2021-11-26 12:58:37,481 DEBUG [AsyncHttpClient-1-2] Recycler:105 - -Dio.netty.recycler.linkCapacity: 16
2021-11-26 12:58:37,481 DEBUG [AsyncHttpClient-1-2] Recycler:106 - -Dio.netty.recycler.ratio: 8
2021-11-26 12:58:37,482 DEBUG [AsyncHttpClient-1-2] Recycler:107 - -Dio.netty.recycler.delayedQueue.ratio: 8
2021-11-26 12:58:38,608 DEBUG [AsyncHttpClient-1-2] Brotli:38 - brotli4j not in the classpath; Brotli support will be unavailable.
2021-11-26 12:58:38,866 DEBUG [main] ThreadLocalRandom:214 - -Dio.netty.initialSeedUniquifier: 0xa3fb800a1b6e0e53
2021-11-26 12:58:38,973  INFO [main] LoginTest:26 - -----------Launched------------
2021-11-26 12:58:45,385  INFO [main] LoginTest:33 - -------Application URL------------
2021-11-26 12:58:45,386  WARN [main] LoginTest:34 - -------Warning-------
2021-11-26 12:58:45,386 FATAL [main] LoginTest:35 - -------Fatal-------
2021-11-26 12:58:45,386 DEBUG [main] LoginTest:36 - -------Debug-------
2021-11-26 12:58:45,398  INFO [main] LoginTest:42 - -------Titel Test-------
2021-11-26 12:58:46,111  INFO [main] LoginTest:59 - -------Closed-------
2021-11-26 12:58:47,905  INFO [main] LoginTest:26 - -----------Launched------------
2021-11-26 12:58:54,377  INFO [main] LoginTest:33 - -------Application URL------------
2021-11-26 12:58:54,378  WARN [main] LoginTest:34 - -------Warning-------
2021-11-26 12:58:54,379 FATAL [main] LoginTest:35 - -------Fatal-------
2021-11-26 12:58:54,379 DEBUG [main] LoginTest:36 - -------Debug-------
2021-11-26 12:58:54,382  INFO [main] LoginTest:50 - -------Logo Test-------
2021-11-26 12:58:55,211  INFO [main] LoginTest:59 - -------Closed-------
